<?xml version="1.0" encoding="UTF-8"?>
<!-- Generated by org.testng.reporters.JUnitReportReporter -->
<testsuite hostname="DESKTOP-CN11NCU" failures="0" tests="4" name="com.qa.swaglab.tests.ProductInfoTest" time="0.393" errors="0" timestamp="28 Aug 2023 22:50:24 GMT" skipped="0">
  <testcase classname="com.qa.swaglab.tests.ProductInfoTest" name="prodCountTest" time="0.092"/>
  <testcase classname="com.qa.swaglab.tests.ProductInfoTest" name="prodHeaderTest" time="0.186"/>
  <testcase classname="com.qa.swaglab.tests.ProductInfoTest" name="prodPriceTest" time="0.035"/>
  <testcase classname="com.qa.swaglab.tests.ProductInfoTest" name="prodCartBadgeCheckTest" time="0.080"/>
</testsuite> <!-- com.qa.swaglab.tests.ProductInfoTest -->
