<?xml version="1.0" encoding="UTF-8"?>
<!-- Generated by org.testng.reporters.JUnitReportReporter -->
<testsuite hostname="DESKTOP-CN11NCU" failures="0" tests="6" name="com.qa.swaglab.tests.InventoryPageTest" time="0.710" errors="0" timestamp="28 Aug 2023 22:11:38 GMT" skipped="1">
  <testcase classname="com.qa.swaglab.tests.InventoryPageTest" name="sortContainerTest" time="0.042"/>
  <testcase classname="com.qa.swaglab.tests.InventoryPageTest" name="inventoryPageUrlTest" time="0.029"/>
  <testcase classname="com.qa.swaglab.tests.InventoryPageTest" name="inventoryPageHeaderTest" time="0.089"/>
  <testcase classname="com.qa.swaglab.tests.InventoryPageTest" name="cartIconTest" time="0.095"/>
  <testcase classname="com.qa.swaglab.tests.InventoryPageTest" name="inventoryProdListTest" time="0.455"/>
  <testcase classname="com.qa.swaglab.tests.InventoryPageTest" name="inventoryPageTitleTest">
    <skipped/>
  </testcase> <!-- inventoryPageTitleTest -->
</testsuite> <!-- com.qa.swaglab.tests.InventoryPageTest -->
